Removed Pin From Net: NetName=GND Pin=C17-1
Removed Pin From Net: NetName=+5V Pin=C17-2
Removed Pin From Net: NetName=GND Pin=C18-2
Removed Pin From Net: NetName=GND Pin=D1-1
Removed Pin From Net: NetName=GND Pin=D2-1
Removed Pin From Net: NetName=GND Pin=D3-1
Removed Pin From Net: NetName=GND Pin=D4-1
Removed Pin From Net: NetName=GND Pin=R10-1
Removed Pin From Net: NetName=GND Pin=R11-1
Removed Pin From Net: NetName=3V3 Pin=R14-1
Removed Pin From Net: NetName=EN Pin=R14-2
Removed Pin From Net: NetName=EN Pin=R15-1
Removed Pin From Net: NetName=GND Pin=R15-2
Removed Pin From Net: NetName=+5V Pin=U3-3
Removed Pin From Net: NetName=GND Pin=U3-4
Removed Pin From Net: NetName=EN Pin=U3-5
Removed Pin From Net: NetName=INT Pin=U3-7
Removed Pin From Net: NetName=SDA Pin=U3-8
Removed Pin From Net: NetName=SCL Pin=U3-9
Removed Pin From Net: NetName=GND Pin=U3-20
Removed Pin From Net: NetName=GND Pin=U3-21
Removed Pin From Net: NetName=GND Pin=U3-25
Removed Member From Class: ClassName=AIRZAI_LED_SENSE_FLEX_REVB Member=C15
Removed Member From Class: ClassName=AIRZAI_LED_SENSE_FLEX_REVB Member=C16
Removed Member From Class: ClassName=AIRZAI_LED_SENSE_FLEX_REVB Member=C17
Removed Member From Class: ClassName=AIRZAI_LED_SENSE_FLEX_REVB Member=C18
Removed Member From Class: ClassName=AIRZAI_LED_SENSE_FLEX_REVB Member=D1
Removed Member From Class: ClassName=AIRZAI_LED_SENSE_FLEX_REVB Member=D2
Removed Member From Class: ClassName=AIRZAI_LED_SENSE_FLEX_REVB Member=D3
Removed Member From Class: ClassName=AIRZAI_LED_SENSE_FLEX_REVB Member=D4
Removed Member From Class: ClassName=AIRZAI_LED_SENSE_FLEX_REVB Member=R10
Removed Member From Class: ClassName=AIRZAI_LED_SENSE_FLEX_REVB Member=R11
Removed Member From Class: ClassName=AIRZAI_LED_SENSE_FLEX_REVB Member=R14
Removed Member From Class: ClassName=AIRZAI_LED_SENSE_FLEX_REVB Member=R15
Removed Member From Class: ClassName=AIRZAI_LED_SENSE_FLEX_REVB Member=U3
Change Class Name : Old Net Name=AIRZAI_LED_SENSE_FLEX_REVB New Net Name=AIRZAI_LED_SENSE_FLEX_REVC
Change Room Name: Old Name=AIRZAI_LED_SENSE_FLEX_REVB New Name=AIRZAI_LED_SENSE_FLEX_REVC
Change Room Scope: Old Scope=InComponentClass('AIRZAI_LED_SENSE_FLEX_REVB') New Scope=InComponentClass('AIRZAI_LED_SENSE_FLEX_REVC')
