Removed Pin From Net: NetName=SPR_GPO2 Pin=J1-8
Removed Pin From Net: NetName=SPR_GPO2 Pin=J1-8
Removed Pin From Net: NetName=EN Pin=J1-10
Removed Pin From Net: NetName=EN Pin=J1-10
Removed Pin From Net: NetName=SPR_GPO1 Pin=J1-14
Removed Pin From Net: NetName=SPR_GPO1 Pin=J1-14
Added Component: Designator=J2(FFC_Pads_LID)
Add component. Clean all parameters for all variants
Add component (AddParameter): Name = "ComponentLink1Description"; Value = "Manufacturer URL"; VariantName = "[No Variations]"
Add component (AddParameter): Name = "ComponentLink1URL"; Value = "http://www.molex.com/molex/index.jsp"; VariantName = "[No Variations]"
Add component (AddParameter): Name = "ComponentLink2URL"; Value = "http://www.molex.com/webdocs/datasheets/pdf/en-us/0528922033_FFC_FPC_CONNECTORS.pdf"; VariantName = "[No Variations]"
Add component (AddParameter): Name = "ComponentLink3Description"; Value = "Package Specification"; VariantName = "[No Variations]"
Add component (AddParameter): Name = "ComponentLink3URL"; Value = "http://www.molex.com/pdm_docs/sd/528922033_sd.pdf"; VariantName = "[No Variations]"
Added Pin To Net: NetName=SPR_GPO2 Pin=J1-6
Added Pin To Net: NetName=SPR_GPO2 Pin=J1-6
Added Pin To Net: NetName=SPR_GPO1 Pin=J1-9
Added Pin To Net: NetName=SPR_GPO1 Pin=J1-9
Added Pin To Net: NetName=SCL Pin=J1-15
Added Pin To Net: NetName=SCL Pin=J1-15
Added Pin To Net: NetName=SDA Pin=J1-16
Added Pin To Net: NetName=SDA Pin=J1-16
Added Pin To Net: NetName=GND Pin=J2-1
Added Pin To Net: NetName=GND Pin=J2-1
Added Pin To Net: NetName=GND Pin=J2-2
Added Pin To Net: NetName=GND Pin=J2-2
Added Pin To Net: NetName=PWM2 Pin=J2-3
Added Pin To Net: NetName=PWM2 Pin=J2-3
Added Pin To Net: NetName=PWM1 Pin=J2-4
Added Pin To Net: NetName=PWM1 Pin=J2-4
Added Pin To Net: NetName=ADC_CH1 Pin=J2-5
Added Pin To Net: NetName=ADC_CH1 Pin=J2-5
Added Pin To Net: NetName=SPR_GPO2 Pin=J2-6
Added Pin To Net: NetName=SPR_GPO2 Pin=J2-6
Added Pin To Net: NetName=SPR_GPO1 Pin=J2-9
Added Pin To Net: NetName=SPR_GPO1 Pin=J2-9
Added Pin To Net: NetName=TOFINT Pin=J2-13
Added Pin To Net: NetName=TOFINT Pin=J2-13
Added Pin To Net: NetName=SCL Pin=J2-15
Added Pin To Net: NetName=SCL Pin=J2-15
Added Pin To Net: NetName=SDA Pin=J2-16
Added Pin To Net: NetName=SDA Pin=J2-16
Added Pin To Net: NetName=EN Pin=J2-17
Added Pin To Net: NetName=EN Pin=J2-17
Added Pin To Net: NetName=3V3 Pin=J2-18
Added Pin To Net: NetName=3V3 Pin=J2-18
Added Pin To Net: NetName=+5 Pin=J2-19
Added Pin To Net: NetName=+5 Pin=J2-19
Added Pin To Net: NetName=+5 Pin=J2-20
Added Pin To Net: NetName=+5 Pin=J2-20
Added Pin To Net: NetName=ACCELERO_INT Pin=J1-14
Added Pin To Net: NetName=ACCELERO_INT Pin=J1-14
Added Pin To Net: NetName=ACCELERO_INT Pin=J2-14
Added Pin To Net: NetName=ACCELERO_INT Pin=J2-14
Added Net: Name=ACCELERO_INT
Added Pin To Net: NetName=CAP1_TOUCH_OUT Pin=J1-7
Added Pin To Net: NetName=CAP1_TOUCH_OUT Pin=J1-7
Added Pin To Net: NetName=CAP1_TOUCH_OUT Pin=J2-7
Added Pin To Net: NetName=CAP1_TOUCH_OUT Pin=J2-7
Added Net: Name=CAP1_TOUCH_OUT
Added Pin To Net: NetName=CAP2_TOUCH_OUT Pin=J1-8
Added Pin To Net: NetName=CAP2_TOUCH_OUT Pin=J1-8
Added Pin To Net: NetName=CAP2_TOUCH_OUT Pin=J2-8
Added Pin To Net: NetName=CAP2_TOUCH_OUT Pin=J2-8
Added Net: Name=CAP2_TOUCH_OUT
Added Pin To Net: NetName=LED Str CLK Pin=J1-10
Added Pin To Net: NetName=LED Str CLK Pin=J1-10
Added Pin To Net: NetName=LED Str CLK Pin=J2-10
Added Pin To Net: NetName=LED Str CLK Pin=J2-10
Added Net: Name=LED Str CLK
Added Pin To Net: NetName=LED Str DATA Pin=J1-11
Added Pin To Net: NetName=LED Str DATA Pin=J1-11
Added Pin To Net: NetName=LED Str DATA Pin=J2-11
Added Pin To Net: NetName=LED Str DATA Pin=J2-11
Added Net: Name=LED Str DATA
Added Pin To Net: NetName=NFC_INT Pin=J1-12
Added Pin To Net: NetName=NFC_INT Pin=J1-12
Added Pin To Net: NetName=NFC_INT Pin=J2-12
Added Pin To Net: NetName=NFC_INT Pin=J2-12
Added Net: Name=NFC_INT
Added Member To Class: ClassName=AIRZAI_NFC_READER_FLEX Member=Component J2 FFC Cable
