Added Component: Designator=R14(0402)
Add component. Clean all parameters for all variants
Add component (AddParameter): Name = "Case-EIA"; Value = "0402"; VariantName = "[No Variations]"
Add component (AddParameter): Name = "Case-Metric"; Value = "1005"; VariantName = "[No Variations]"
Add component (AddParameter): Name = "Manufacturer"; Value = "Panasonic"; VariantName = "[No Variations]"
Add component (AddParameter): Name = "Manufacturer Part Number"; Value = "ERJ-2GE0R00X"; VariantName = "[No Variations]"
Add component (AddParameter): Name = "Max Thickness"; Value = "0.6 mm"; VariantName = "[No Variations]"
Add component (AddParameter): Name = "Note"; Value = "0.1W JUMPER"; VariantName = "[No Variations]"
Add component (AddParameter): Name = "Pin Count"; Value = "2"; VariantName = "[No Variations]"
Add component (AddParameter): Name = "Power"; Value = "None"; VariantName = "[No Variations]"
Add component (AddParameter): Name = "Rated Voltage"; Value = ""; VariantName = "[No Variations]"
Add component (AddParameter): Name = "Supplier 1"; Value = "Digi-Key"; VariantName = "[No Variations]"
Add component (AddParameter): Name = "Supplier Part Number 1"; Value = "P0.0JCT-ND"; VariantName = "[No Variations]"
Add component (AddParameter): Name = "Technology"; Value = "SMT"; VariantName = "[No Variations]"
Add component (AddParameter): Name = "Tolerance"; Value = "None"; VariantName = "[No Variations]"
Add component (AddParameter): Name = "Value"; Value = "0R"; VariantName = "[No Variations]"
Added Component: Designator=R15(0402)
Add component. Clean all parameters for all variants
Add component (AddParameter): Name = "Case-EIA"; Value = "0402"; VariantName = "[No Variations]"
Add component (AddParameter): Name = "Case-Metric"; Value = "1005"; VariantName = "[No Variations]"
Add component (AddParameter): Name = "Manufacturer"; Value = ""; VariantName = "[No Variations]"
Add component (AddParameter): Name = "Manufacturer Part Number"; Value = "DNP"; VariantName = "[No Variations]"
Add component (AddParameter): Name = "Max Thickness"; Value = "0.6 mm"; VariantName = "[No Variations]"
Add component (AddParameter): Name = "Note"; Value = "DNP"; VariantName = "[No Variations]"
Add component (AddParameter): Name = "Pin Count"; Value = "2"; VariantName = "[No Variations]"
Add component (AddParameter): Name = "Power"; Value = "0.0625 W"; VariantName = "[No Variations]"
Add component (AddParameter): Name = "Rated Voltage"; Value = ""; VariantName = "[No Variations]"
Add component (AddParameter): Name = "Supplier 1"; Value = "Digi-Key"; VariantName = "[No Variations]"
Add component (AddParameter): Name = "Supplier Part Number 1"; Value = "DNP"; VariantName = "[No Variations]"
Add component (AddParameter): Name = "Technology"; Value = "SMT"; VariantName = "[No Variations]"
Add component (AddParameter): Name = "Tolerance"; Value = "None"; VariantName = "[No Variations]"
Add component (AddParameter): Name = "Value"; Value = "DNP"; VariantName = "[No Variations]"
Added Pin To Net: NetName=3V3 Pin=R14-1
Added Pin To Net: NetName=EN Pin=R14-2
Added Pin To Net: NetName=EN Pin=R15-1
Added Pin To Net: NetName=GND Pin=R15-2
Added Member To Class: ClassName=AIRZAI_LED_SENSE_FLEX_REVB Member=Component R14 Jumper 0402(1005)
Added Member To Class: ClassName=AIRZAI_LED_SENSE_FLEX_REVB Member=Component R15 DNP 0402(1005)
