Removed Pin From Net: NetName=GND Pin=J4-1
Removed Pin From Net: NetName=GND Pin=J4-2
Removed Pin From Net: NetName=PWM2 Pin=J4-3
Removed Pin From Net: NetName=PWM1 Pin=J4-4
Removed Pin From Net: NetName=ADC_CH1 Pin=J4-5
Removed Pin From Net: NetName=SPR_GPO2 Pin=J4-6
Removed Pin From Net: NetName=CAP1_TOUCH_OUT Pin=J4-7
Removed Pin From Net: NetName=CAP2_TOUCH_OUT Pin=J4-8
Removed Pin From Net: NetName=SPR_GPO1 Pin=J4-9
Removed Pin From Net: NetName=LED Str CLK Pin=J4-10
Removed Pin From Net: NetName=LED Str DATA Pin=J4-11
Removed Pin From Net: NetName=NFC_INT Pin=J4-12
Removed Pin From Net: NetName=TOFINT Pin=J4-13
Removed Pin From Net: NetName=ACCELERO_INT Pin=J4-14
Removed Pin From Net: NetName=SCL Pin=J4-15
Removed Pin From Net: NetName=SDA Pin=J4-16
Removed Pin From Net: NetName=EN Pin=J4-17
Added Pin To Net: NetName=EN Pin=J4-4
Added Pin To Net: NetName=SDA Pin=J4-5
Added Pin To Net: NetName=SCL Pin=J4-6
Added Pin To Net: NetName=ACCELERO_INT Pin=J4-7
Added Pin To Net: NetName=TOFINT Pin=J4-8
Added Pin To Net: NetName=NFC_INT Pin=J4-9
Added Pin To Net: NetName=LED Str DATA Pin=J4-10
Added Pin To Net: NetName=LED Str CLK Pin=J4-11
Added Pin To Net: NetName=SPR_GPO1 Pin=J4-12
Added Pin To Net: NetName=CAP2_TOUCH_OUT Pin=J4-13
Added Pin To Net: NetName=CAP1_TOUCH_OUT Pin=J4-14
Added Pin To Net: NetName=SPR_GPO2 Pin=J4-15
Added Pin To Net: NetName=ADC_CH1 Pin=J4-16
Added Pin To Net: NetName=PWM1 Pin=J4-17
Added Pin To Net: NetName=PWM2 Pin=J4-18
Added Pin To Net: NetName=GND Pin=J4-19
Added Pin To Net: NetName=GND Pin=J4-20
Added Pin To Net: NetName=NetJ4_1 Pin=J4-1
Added Pin To Net: NetName=NetJ4_1 Pin=J4-2
Added Pin To Net: NetName=NetJ4_1 Pin=L1-1
Added Net: Name=NetJ4_1
Added Pin To Net: NetName=NetJ4_3 Pin=J4-3
Added Pin To Net: NetName=NetJ4_3 Pin=L2-1
Added Net: Name=NetJ4_3
